<?xml version="1.0" encoding="UTF-8"?>
<testng-results skipped="0" failed="0" ignored="0" total="1" passed="1">
  <reporter-output>
  </reporter-output>
  <suite name="Default suite" duration-ms="75" started-at="2021-08-21T13:35:05Z" finished-at="2021-08-21T13:35:05Z">
    <groups>
    </groups>
    <test name="Default test" duration-ms="75" started-at="2021-08-21T13:35:05Z" finished-at="2021-08-21T13:35:05Z">
      <class name="org.data.Hey">
        <test-method status="PASS" signature="get()[pri:0, instance:org.data.Hey@5e5792a0]" name="get" duration-ms="21" started-at="2021-08-21T13:35:05Z" finished-at="2021-08-21T13:35:05Z">
          <reporter-output>
          </reporter-output>
        </test-method> <!-- get -->
      </class> <!-- org.data.Hey -->
    </test> <!-- Default test -->
  </suite> <!-- Default suite -->
</testng-results>
